2026-05-31 01:22:21 Adding: Arena Sport 1 HD
2026-05-31 01:22:22 Adding: Arena Sport 2 HD
2026-05-31 01:22:22 Adding: Nova Sport 1 HD
2026-05-31 01:22:23 Adding: Nova Sport 2 HD
2026-05-31 01:22:23 Adding: Sport 1 HD
2026-05-31 01:22:24 Adding: Sport 2 HD
2026-05-31 01:22:24 Adding: Golf Channel HD
2026-05-31 01:22:24 Adding: Extreme Sports Channel
2026-05-31 01:22:25 Adding: LALA TV HD
2026-05-31 01:22:25 Adding: Minimax
2026-05-31 01:22:26 Adding: Kinderkanal
2026-05-31 01:22:26 Adding: Baby TV
2026-05-31 01:22:26 Adding: Cartoonito
2026-05-31 01:22:27 Adding: JimJam
2026-05-31 01:22:28 Adding: Cartoon Network SK&CZ
2026-05-31 01:22:28 Adding: Nickelodeon
2026-05-31 01:22:28 Adding: Nick Jr.
2026-05-31 01:22:29 Adding: Jojko HD
2026-05-31 01:22:29 Adding: RiK HD
2026-05-31 01:22:30 Adding: NickToons
2026-05-31 01:22:30 Adding: Disney Junior
2026-05-31 01:22:30 Adding: Turbo TV HD
2026-05-31 01:22:31 Adding: Auto Motor Sport HD
2026-05-31 01:22:31 Adding: Óčko HD
2026-05-31 01:22:31 Adding: Disney Channel
2026-05-31 01:22:32 Adding: TV Paprika
2026-05-31 01:22:33 Adding: M1 HD (Europe)
2026-05-31 01:22:33 Adding: M2 HD (Europe)
2026-05-31 01:22:33 Adding: M4 HD (Europe)
2026-05-31 01:22:34 Adding: M5 HD (Europe)
2026-05-31 01:22:34 Adding: Duna TV HD
2026-05-31 01:22:36 Adding: Duna World HD / M4 Sport +
2026-05-31 01:22:36 Adding: 3SAT
2026-05-31 01:22:36 Adding: ZDF
2026-05-31 01:22:37 Adding: Das Erste HD
2026-05-31 01:22:37 Adding: Arte HD
2026-05-31 01:22:37 Adding: ORF 1 HD
2026-05-31 01:22:38 Adding: ORF 2 HD
2026-05-31 01:22:38 Adding: BBC News
2026-05-31 01:22:38 Adding: France 24 AJ HD
2026-05-31 01:22:39 Adding: France 24 FR
2026-05-31 01:22:39 Adding: RAI 3 HD
2026-05-31 01:22:39 Adding: Canal 24 Horas HD
2026-05-31 01:22:40 Adding: RAI 1 HD
2026-05-31 01:22:40 Adding: TVE Espana HD
2026-05-31 01:22:40 Adding: Leo TV HD / Extasy HD
2026-05-31 01:22:41 Saving file: /home/juraj/Dokumenty/GitHUB/MyEPG/epg/files/utils/lkjfjrbfkr/web/Xb/generic01.m3u8
2026-05-31 01:22:41 Saving file: /home/juraj/Dokumenty/GitHUB/MyEPG/epg/files/utils/lkjfjrbfkr/web/Xb/playlist01.m3u8
2026-05-31 01:22:41 Download done with result EXIT: OK , DOWNLOADED: 91, SKIPPED: 0
2026-05-31 01:22:41 Finished
2026-05-31 01:32:02 --------------------
2026-05-31 01:32:02 OrangeTVKodi Playlist
2026-05-31 01:32:02 Version: 0.1 2019-05-08
2026-05-31 01:32:02 --------------------
2026-05-31 01:32:02 Starting...
2026-05-31 01:32:02 Config OK
2026-05-31 01:32:02 Saving file: /home/juraj/Dokumenty/GitHUB/MyEPG/epg/files/utils/lkjfjrbfkr/web/Xb/device_id
2026-05-31 01:32:02 Getting Token via password...
